<?xml version="1.0" encoding="UTF-8"?>
<!-- Generated by org.testng.reporters.JUnitReportReporter -->
<testsuite hostname="PiyushMuktas-MacBook-Pro.local" failures="0" tests="1" name="com.selenium.AppTest" time="0.008" errors="0" timestamp="2025-04-19T08:59:10 MDT" skipped="0">
  <testcase classname="com.selenium.AppTest" name="shouldAnswerWithTrue" time="0.008"/>
</testsuite> <!-- com.selenium.AppTest -->
